# JRE version: Java(TM) SE Runtime Environment (8.0_77-b03) (build 1.8.0_77-b03)
# Java VM: Java HotSpot(TM) 64-Bit Server VM (25.77-b03 mixed mode windows-amd64 compressed oops)
Heap:
 PSYoungGen      total 54784K, used 6148K [0x00000000d6f80000, 0x00000000db000000, 0x0000000100000000)
  eden space 45056K, 13% used [0x00000000d6f80000,0x00000000d75813a0,0x00000000d9b80000)
  from space 9728K, 0% used [0x00000000da500000,0x00000000da500000,0x00000000dae80000)
  to   space 9728K, 0% used [0x00000000d9b80000,0x00000000d9b80000,0x00000000da500000)
 ParOldGen       total 101888K, used 12582K [0x0000000084e00000, 0x000000008b180000, 0x00000000d6f80000)
  object space 101888K, 12% used [0x0000000084e00000,0x0000000085a49878,0x000000008b180000)
 Metaspace       used 36368K, capacity 37506K, committed 37592K, reserved 1081344K
  class space    used 5347K, capacity 5581K, committed 5592K, reserved 1048576K
GC Heap History (10 events):
Event: 3.443 GC heap before
{Heap before GC invocations=4 (full 1):
 PSYoungGen      total 36864K, used 5109K [0x00000000d6f80000, 0x00000000d9880000, 0x0000000100000000)
  eden space 31744K, 0% used [0x00000000d6f80000,0x00000000d6f80000,0x00000000d8e80000)
  from space 5120K, 99% used [0x00000000d8e80000,0x00000000d937d448,0x00000000d9380000)
  to   space 5120K, 0% used [0x00000000d9380000,0x00000000d9380000,0x00000000d9880000)
 ParOldGen       total 84992K, used 4726K [0x0000000084e00000, 0x000000008a100000, 0x00000000d6f80000)
  object space 84992K, 5% used [0x0000000084e00000,0x000000008529d9e8,0x000000008a100000)
 Metaspace       used 20450K, capacity 21066K, committed 21248K, reserved 1067008K
  class space    used 2838K, capacity 3009K, committed 3072K, reserved 1048576K
Event: 3.471 GC heap after
Heap after GC invocations=4 (full 1):
 PSYoungGen      total 36864K, used 0K [0x00000000d6f80000, 0x00000000d9880000, 0x0000000100000000)
  eden space 31744K, 0% used [0x00000000d6f80000,0x00000000d6f80000,0x00000000d8e80000)
  from space 5120K, 0% used [0x00000000d8e80000,0x00000000d8e80000,0x00000000d9380000)
  to   space 5120K, 0% used [0x00000000d9380000,0x00000000d9380000,0x00000000d9880000)
 ParOldGen       total 61952K, used 7660K [0x0000000084e00000, 0x0000000088a80000, 0x00000000d6f80000)
  object space 61952K, 12% used [0x0000000084e00000,0x000000008557b3d8,0x0000000088a80000)
 Metaspace       used 20450K, capacity 21066K, committed 21248K, reserved 1067008K
  class space    used 2838K, capacity 3009K, committed 3072K, reserved 1048576K
}
Event: 4.887 GC heap before
{Heap before GC invocations=5 (full 1):
 PSYoungGen      total 36864K, used 31744K [0x00000000d6f80000, 0x00000000d9880000, 0x0000000100000000)
  eden space 31744K, 100% used [0x00000000d6f80000,0x00000000d8e80000,0x00000000d8e80000)
  from space 5120K, 0% used [0x00000000d8e80000,0x00000000d8e80000,0x00000000d9380000)
  to   space 5120K, 0% used [0x00000000d9380000,0x00000000d9380000,0x00000000d9880000)
 ParOldGen       total 61952K, used 7660K [0x0000000084e00000, 0x0000000088a80000, 0x00000000d6f80000)
  object space 61952K, 12% used [0x0000000084e00000,0x000000008557b3d8,0x0000000088a80000)
 Metaspace       used 25547K, capacity 26174K, committed 26368K, reserved 1071104K
  class space    used 3608K, capacity 3759K, committed 3840K, reserved 1048576K
Event: 4.890 GC heap after
Heap after GC invocations=5 (full 1):
 PSYoungGen      total 36864K, used 5088K [0x00000000d6f80000, 0x00000000da480000, 0x0000000100000000)
  eden space 31744K, 0% used [0x00000000d6f80000,0x00000000d6f80000,0x00000000d8e80000)
  from space 5120K, 99% used [0x00000000d9380000,0x00000000d9878230,0x00000000d9880000)
  to   space 5120K, 0% used [0x00000000d8e80000,0x00000000d8e80000,0x00000000d9380000)
 ParOldGen       total 61952K, used 7692K [0x0000000084e00000, 0x0000000088a80000, 0x00000000d6f80000)
  object space 61952K, 12% used [0x0000000084e00000,0x00000000855833d8,0x0000000088a80000)
 Metaspace       used 25547K, capacity 26174K, committed 26368K, reserved 1071104K
  class space    used 3608K, capacity 3759K, committed 3840K, reserved 1048576K
}
Event: 5.554 GC heap before
{Heap before GC invocations=6 (full 1):
 PSYoungGen      total 36864K, used 36832K [0x00000000d6f80000, 0x00000000da480000, 0x0000000100000000)
  eden space 31744K, 100% used [0x00000000d6f80000,0x00000000d8e80000,0x00000000d8e80000)
  from space 5120K, 99% used [0x00000000d9380000,0x00000000d9878230,0x00000000d9880000)
  to   space 5120K, 0% used [0x00000000d8e80000,0x00000000d8e80000,0x00000000d9380000)
 ParOldGen       total 61952K, used 7692K [0x0000000084e00000, 0x0000000088a80000, 0x00000000d6f80000)
  object space 61952K, 12% used [0x0000000084e00000,0x00000000855833d8,0x0000000088a80000)
 Metaspace       used 29650K, capacity 30332K, committed 30592K, reserved 1075200K
  class space    used 4174K, capacity 4372K, committed 4480K, reserved 1048576K
Event: 5.560 GC heap after
Heap after GC invocations=6 (full 1):
 PSYoungGen      total 36864K, used 5099K [0x00000000d6f80000, 0x00000000dae80000, 0x0000000100000000)
  eden space 31744K, 0% used [0x00000000d6f80000,0x00000000d6f80000,0x00000000d8e80000)
  from space 5120K, 99% used [0x00000000d8e80000,0x00000000d937ac48,0x00000000d9380000)
  to   space 9728K, 0% used [0x00000000da500000,0x00000000da500000,0x00000000dae80000)
 ParOldGen       total 61952K, used 9773K [0x0000000084e00000, 0x0000000088a80000, 0x00000000d6f80000)
  object space 61952K, 15% used [0x0000000084e00000,0x000000008578b448,0x0000000088a80000)
 Metaspace       used 29650K, capacity 30332K, committed 30592K, reserved 1075200K
  class space    used 4174K, capacity 4372K, committed 4480K, reserved 1048576K
}
Event: 6.113 GC heap before
{Heap before GC invocations=7 (full 1):
 PSYoungGen      total 36864K, used 25262K [0x00000000d6f80000, 0x00000000dae80000, 0x0000000100000000)
  eden space 31744K, 63% used [0x00000000d6f80000,0x00000000d8330ef8,0x00000000d8e80000)
  from space 5120K, 99% used [0x00000000d8e80000,0x00000000d937ac48,0x00000000d9380000)
  to   space 9728K, 0% used [0x00000000da500000,0x00000000da500000,0x00000000dae80000)
 ParOldGen       total 61952K, used 9773K [0x0000000084e00000, 0x0000000088a80000, 0x00000000d6f80000)
  object space 61952K, 15% used [0x0000000084e00000,0x000000008578b448,0x0000000088a80000)
 Metaspace       used 34435K, capacity 35290K, committed 35416K, reserved 1079296K
  class space    used 4973K, capacity 5177K, committed 5208K, reserved 1048576K
Event: 6.119 GC heap after
Heap after GC invocations=7 (full 1):
 PSYoungGen      total 54784K, used 6771K [0x00000000d6f80000, 0x00000000db000000, 0x0000000100000000)
  eden space 45056K, 0% used [0x00000000d6f80000,0x00000000d6f80000,0x00000000d9b80000)
  from space 9728K, 69% used [0x00000000da500000,0x00000000dab9ccd8,0x00000000dae80000)
  to   space 9728K, 0% used [0x00000000d9b80000,0x00000000d9b80000,0x00000000da500000)
 ParOldGen       total 61952K, used 9781K [0x0000000084e00000, 0x0000000088a80000, 0x00000000d6f80000)
  object space 61952K, 15% used [0x0000000084e00000,0x000000008578d448,0x0000000088a80000)
 Metaspace       used 34435K, capacity 35290K, committed 35416K, reserved 1079296K
  class space    used 4973K, capacity 5177K, committed 5208K, reserved 1048576K
}
Event: 6.119 GC heap before
{Heap before GC invocations=8 (full 2):
 PSYoungGen      total 54784K, used 6771K [0x00000000d6f80000, 0x00000000db000000, 0x0000000100000000)
  eden space 45056K, 0% used [0x00000000d6f80000,0x00000000d6f80000,0x00000000d9b80000)
  from space 9728K, 69% used [0x00000000da500000,0x00000000dab9ccd8,0x00000000dae80000)
  to   space 9728K, 0% used [0x00000000d9b80000,0x00000000d9b80000,0x00000000da500000)
 ParOldGen       total 61952K, used 9781K [0x0000000084e00000, 0x0000000088a80000, 0x00000000d6f80000)
  object space 61952K, 15% used [0x0000000084e00000,0x000000008578d448,0x0000000088a80000)
 Metaspace       used 34435K, capacity 35290K, committed 35416K, reserved 1079296K
  class space    used 4973K, capacity 5177K, committed 5208K, reserved 1048576K
Event: 6.176 GC heap after
Heap after GC invocations=8 (full 2):
 PSYoungGen      total 54784K, used 0K [0x00000000d6f80000, 0x00000000db000000, 0x0000000100000000)
  eden space 45056K, 0% used [0x00000000d6f80000,0x00000000d6f80000,0x00000000d9b80000)
  from space 9728K, 0% used [0x00000000da500000,0x00000000da500000,0x00000000dae80000)
  to   space 9728K, 0% used [0x00000000d9b80000,0x00000000d9b80000,0x00000000da500000)
 ParOldGen       total 101888K, used 12582K [0x0000000084e00000, 0x000000008b180000, 0x00000000d6f80000)
  object space 101888K, 12% used [0x0000000084e00000,0x0000000085a49878,0x000000008b180000)
 Metaspace       used 34435K, capacity 35290K, committed 35416K, reserved 1079296K
  class space    used 4973K, capacity 5177K, committed 5208K, reserved 1048576K
}

